[object Object]
------------------------------------------------------------------------------------------------------
------------------------------------------------------------------------------------------------------
[object Object]
[object Object]
------------------------------------------------------------------------------------------------------
[object Object]
------------------------------------------------------------------------------------------------------
[object Object]
------------------------------------------------------------------------------------------------------
[object Object]
------------------------------------------------------------------------------------------------------
[object Object]
------------------------------------------------------------------------------------------------------
[object Object]
------------------------------------------------------------------------------------------------------
[object Object]
------------------------------------------------------------------------------------------------------
[object Object]
------------------------------------------------------------------------------------------------------
[object Object]
------------------------------------------------------------------------------------------------------
[object Object]
------------------------------------------------------------------------------------------------------
[object Object]
------------------------------------------------------------------------------------------------------
------------------------------------------------------------------------------------------------------
[object Object]
[object Object]
------------------------------------------------------------------------------------------------------
[object Object]
------------------------------------------------------------------------------------------------------
[object Object]
------------------------------------------------------------------------------------------------------
------------------------------------------------------------------------------------------------------
[object Object]
[object Object]
------------------------------------------------------------------------------------------------------
[object Object]
------------------------------------------------------------------------------------------------------
[object Object]
------------------------------------------------------------------------------------------------------
[object Object]
------------------------------------------------------------------------------------------------------
[object Object]
------------------------------------------------------------------------------------------------------
[object Object]
------------------------------------------------------------------------------------------------------
[object Object]
------------------------------------------------------------------------------------------------------
[object Object]
------------------------------------------------------------------------------------------------------
[object Object]
------------------------------------------------------------------------------------------------------
[object Object]
------------------------------------------------------------------------------------------------------
[object Object]
------------------------------------------------------------------------------------------------------
------------------------------------------------------------------------------------------------------
[object Object]
[object Object]
------------------------------------------------------------------------------------------------------
[object Object]
------------------------------------------------------------------------------------------------------
[object Object]
------------------------------------------------------------------------------------------------------
[object Object]
------------------------------------------------------------------------------------------------------
------------------------------------------------------------------------------------------------------
TypeError: Cannot read property '0' of undefined
    at Immediate.<anonymous> (D:\PROJELER\PERISTAKIP\sql\sqllib.js:119:108)
    at processImmediate (internal/timers.js:458:21)
TypeError: Cannot read property '0' of undefined
    at Immediate.<anonymous> (D:\PROJELER\PERISTAKIP\sql\sqllib.js:119:108)
    at processImmediate (internal/timers.js:458:21)
------------------------------------------------------------------------------------------------------
TypeError: Cannot read property '0' of undefined
    at Immediate.<anonymous> (D:\PROJELER\PERISTAKIP\sql\sqllib.js:119:108)
    at processImmediate (internal/timers.js:458:21)
------------------------------------------------------------------------------------------------------
TypeError: Cannot read property '0' of undefined
    at Immediate.<anonymous> (D:\PROJELER\PERISTAKIP\sql\sqllib.js:119:108)
    at processImmediate (internal/timers.js:458:21)
------------------------------------------------------------------------------------------------------
TypeError: Cannot read property '0' of undefined
    at Immediate.<anonymous> (D:\PROJELER\PERISTAKIP\sql\sqllib.js:119:108)
    at processImmediate (internal/timers.js:458:21)
------------------------------------------------------------------------------------------------------
TypeError: Cannot read property '0' of undefined
    at Immediate.<anonymous> (D:\PROJELER\PERISTAKIP\sql\sqllib.js:119:108)
    at processImmediate (internal/timers.js:458:21)
------------------------------------------------------------------------------------------------------
TypeError: Cannot read property '0' of undefined
    at Immediate.<anonymous> (D:\PROJELER\PERISTAKIP\sql\sqllib.js:119:108)
    at processImmediate (internal/timers.js:458:21)
------------------------------------------------------------------------------------------------------
TypeError: Cannot read property '0' of undefined
    at Immediate.<anonymous> (D:\PROJELER\PERISTAKIP\sql\sqllib.js:119:108)
    at processImmediate (internal/timers.js:458:21)
------------------------------------------------------------------------------------------------------
------------------------------------------------------------------------------------------------------
TypeError: Cannot read property '0' of undefined
    at Immediate.<anonymous> (D:\PROJELER\PERISTAKIP\sql\sqllib.js:119:108)
    at processImmediate (internal/timers.js:458:21)
TypeError: Cannot read property '0' of undefined
    at Immediate.<anonymous> (D:\PROJELER\PERISTAKIP\sql\sqllib.js:119:108)
    at processImmediate (internal/timers.js:458:21)
------------------------------------------------------------------------------------------------------
TypeError: Cannot read property '0' of undefined
    at Immediate.<anonymous> (D:\PROJELER\PERISTAKIP\sql\sqllib.js:119:108)
    at processImmediate (internal/timers.js:458:21)
------------------------------------------------------------------------------------------------------
TypeError: Cannot read property '0' of undefined
    at Immediate.<anonymous> (D:\PROJELER\PERISTAKIP\sql\sqllib.js:119:108)
    at processImmediate (internal/timers.js:458:21)
------------------------------------------------------------------------------------------------------
------------------------------------------------------------------------------------------------------
TypeError: Cannot read property '0' of undefined
    at Immediate.<anonymous> (D:\PROJELER\PERISTAKIP\sql\sqllib.js:119:108)
    at processImmediate (internal/timers.js:458:21)
TypeError: Cannot read property '0' of undefined
    at Immediate.<anonymous> (D:\PROJELER\PERISTAKIP\sql\sqllib.js:119:108)
    at processImmediate (internal/timers.js:458:21)
------------------------------------------------------------------------------------------------------
TypeError: Cannot read property '0' of undefined
    at Immediate.<anonymous> (D:\PROJELER\PERISTAKIP\sql\sqllib.js:119:108)
    at processImmediate (internal/timers.js:458:21)
------------------------------------------------------------------------------------------------------
------------------------------------------------------------------------------------------------------
TypeError: Cannot read property '0' of undefined
    at Immediate.<anonymous> (D:\PROJELER\PERISTAKIP\sql\sqllib.js:119:108)
    at processImmediate (internal/timers.js:458:21)
TypeError: Cannot read property '0' of undefined
    at Immediate.<anonymous> (D:\PROJELER\PERISTAKIP\sql\sqllib.js:119:108)
    at processImmediate (internal/timers.js:458:21)
------------------------------------------------------------------------------------------------------
TypeError: Cannot read property '0' of undefined
    at Immediate.<anonymous> (D:\PROJELER\PERISTAKIP\sql\sqllib.js:119:108)
    at processImmediate (internal/timers.js:458:21)
------------------------------------------------------------------------------------------------------
TypeError: Cannot read property '0' of undefined
    at Immediate.<anonymous> (D:\PROJELER\PERISTAKIP\sql\sqllib.js:119:108)
    at processImmediate (internal/timers.js:458:21)
------------------------------------------------------------------------------------------------------
TypeError: Cannot read property '0' of undefined
    at Immediate.<anonymous> (D:\PROJELER\PERISTAKIP\sql\sqllib.js:119:108)
    at processImmediate (internal/timers.js:458:21)
------------------------------------------------------------------------------------------------------
TypeError: Cannot read property 'length' of undefined
    at Immediate.<anonymous> (D:\PROJELER\PERISTAKIP\node_modules\mssql\lib\msnodesqlv8\request.js:233:19)
    at processImmediate (internal/timers.js:456:21)
------------------------------------------------------------------------------------------------------
TypeError: Cannot read property 'length' of undefined
    at Immediate.<anonymous> (D:\PROJELER\PERISTAKIP\node_modules\mssql\lib\msnodesqlv8\request.js:233:19)
    at processImmediate (internal/timers.js:456:21)
------------------------------------------------------------------------------------------------------
TypeError: Cannot read property 'length' of undefined
    at Immediate.<anonymous> (D:\PROJELER\PERISTAKIP\node_modules\mssql\lib\msnodesqlv8\request.js:233:19)
    at processImmediate (internal/timers.js:456:21)
------------------------------------------------------------------------------------------------------
------------------------------------------------------------------------------------------------------
TypeError: Cannot read property '0' of null
    at Immediate.<anonymous> (D:\PROJELER\PERISTAKIP\sql\sqllib.js:119:108)
    at processImmediate (internal/timers.js:458:21)
TypeError: Cannot read property '0' of null
    at Immediate.<anonymous> (D:\PROJELER\PERISTAKIP\sql\sqllib.js:119:108)
    at processImmediate (internal/timers.js:458:21)
------------------------------------------------------------------------------------------------------
TypeError: Cannot read property '0' of null
    at Immediate.<anonymous> (D:\PROJELER\PERISTAKIP\sql\sqllib.js:119:108)
    at processImmediate (internal/timers.js:458:21)
------------------------------------------------------------------------------------------------------
TypeError: Cannot read property '0' of null
    at Immediate.<anonymous> (D:\PROJELER\PERISTAKIP\sql\sqllib.js:119:108)
    at processImmediate (internal/timers.js:458:21)
------------------------------------------------------------------------------------------------------
TypeError: Cannot read property '0' of null
    at Immediate.<anonymous> (D:\PROJELER\PERISTAKIP\sql\sqllib.js:119:108)
    at processImmediate (internal/timers.js:458:21)
------------------------------------------------------------------------------------------------------
